<?xml version="1.0" encoding="UTF-8"?>
<!-- Generated by org.testng.reporters.JUnitReportReporter -->
<testsuite hostname="DESKTOP-OIGKK4C" failures="0" tests="5" name="BasicFlow.LandingPage" time="8.487" errors="0" timestamp="2022-03-09T10:53:43 CST" skipped="0">
  <testcase classname="BasicFlow.LandingPage" name="userdetailsAdd" time="0.356"/>
  <system-out/>
  <testcase classname="BasicFlow.LandingPage" name="userdetailsWipeOut" time="0.139"/>
  <system-out/>
  <testcase classname="BasicFlow.LandingPage" name="userdetailsEdit" time="0.872"/>
  <system-out/>
  <testcase classname="BasicFlow.LandingPage" name="userdetailsValidation" time="0.231"/>
  <system-out/>
  <testcase classname="BasicFlow.LandingPage" name="basePage" time="6.889"/>
  <system-out/>
</testsuite> <!-- BasicFlow.LandingPage -->
