<?xml version="1.0" encoding="UTF-8"?>
<!-- Generated by org.testng.reporters.JUnitReportReporter -->
<testsuite hostname="DESKTOP-OIGKK4C" failures="0" tests="1" name="BasicFlow.AppTest" time="0.006" errors="0" timestamp="2022-02-28T17:12:44 CST" skipped="0">
  <testcase classname="BasicFlow.AppTest" name="shouldAnswerWithTrue" time="0.006"/>
  <system-out/>
</testsuite> <!-- BasicFlow.AppTest -->
